00:00:00.058128 VirtualBox DHCP Server 6.1.18 r142142 win.amd64 (Jan  7 2021 15:31:43) release log
00:00:00.058130 Log opened 2021-09-30T10:17:16.347369100Z
00:00:00.058131 Build Type: release
00:00:00.058132 OS Product: Windows 10
00:00:00.058133 OS Release: 10.0.19042
00:00:00.058134 OS Service Pack: 
00:00:00.357060 DMI Product Name: H410M H
00:00:00.364291 DMI Product Version: Default string
00:00:00.364298 Firmware type: UEFI
00:00:00.364534 Secure Boot: VERR_PRIVILEGE_NOT_HELD
00:00:00.364543 Host RAM: 16246MB (15.8GB) total, 11353MB (11.0GB) available
00:00:00.364546 Executable: C:\Program Files\Oracle\VirtualBox\VBoxNetDHCP.exe
00:00:00.364547 Process ID: 7960
00:00:00.364547 Package type: WINDOWS_64BITS_GENERIC
00:00:00.364638 --config:  HostInterfaceNetworking-VirtualBox Host-Only Ethernet Adapter
00:00:00.364646 --comment: HostInterfaceNetworking-VirtualBox Host-Only Ethernet Adapter
00:00:00.553182 IP address:   192.168.56.100/24
00:00:00.553196 Address pool: 192.168.56.101 - 192.168.56.254
00:00:00.553221 MAC address is not specified: will use generated MAC 08:00:27:cd:04:f4
00:00:00.553229 Db::i_enterFixedAddressAssignment: 08:00:27:cd:04:f4: 192.168.56.100
00:00:00.553236 loading leases from C:\Users\Alumno\.VirtualBox\HostInterfaceNetworking-VirtualBox Host-Only Ethernet Adapter-Dhcpd.leases
00:00:00.553321 Runtime error opening 'C:\Users\Alumno\.VirtualBox\HostInterfaceNetworking-VirtualBox Host-Only Ethernet Adapter-Dhcpd.leases' for reading: -102 (File not found.)
00:00:00.553349 Terminating - ifInit failed: VERR_INTNET_FLT_IF_NOT_FOUND
