00:00:00.001589 main     VirtualBox COM Server 6.1.18 r142142 win.amd64 (Jan  7 2021 15:32:19) release log
00:00:00.001592 main     Log opened 2021-10-01T07:04:19.392720800Z
00:00:00.001593 main     Build Type: release
00:00:00.001596 main     OS Product: Windows 10
00:00:00.001597 main     OS Release: 10.0.19042
00:00:00.001597 main     OS Service Pack: 
00:00:00.040361 main     DMI Product Name: H410M H
00:00:00.046554 main     DMI Product Version: Default string
00:00:00.046560 main     Firmware type: UEFI
00:00:00.046692 main     Secure Boot: VERR_PRIVILEGE_NOT_HELD
00:00:00.046702 main     Host RAM: 16246MB (15.8GB) total, 12773MB (12.4GB) available
00:00:00.046706 main     Executable: C:\Program Files\Oracle\VirtualBox\VBoxSVC.exe
00:00:00.046706 main     Process ID: 2080
00:00:00.046707 main     Package type: WINDOWS_64BITS_GENERIC
00:00:00.084920          VirtualBox: object creation starts
00:00:00.085045          Home directory: 'C:\Users\Alumno\.VirtualBox'
00:00:00.085114          Installed Drivers:
00:00:00.088215            C:\WINDOWS\system32\DRIVERS\VBoxNetLwf.sys (Version: 6.1.18.42142)
00:00:00.088593            C:\WINDOWS\system32\DRIVERS\VBoxUSBMon.sys (Version: 6.1.18.42142)
00:00:00.088857            C:\WINDOWS\system32\DRIVERS\VBoxDrv.sys (Version: 6.1.18.42142)
00:00:00.095150          Loading settings file "C:\Users\Alumno\.VirtualBox\VirtualBox.xml" with version "1.12-windows"
00:00:00.096564          usbLibGetDevices: Starting USB device enumeration
00:00:00.104987          usbLibGetDevices: Found 4 USB devices, 0 captured
00:00:00.206511          netIfIsWireless: CreateFile on '\\.\{EFAA6208-5897-4A85-9FF7-8614538FB49B}' failed with rcWin=2 (0x2) - ignoring
00:00:00.210106          HostDnsMonitor: initializing
00:00:00.213651          HostDnsMonitor: updating information
00:00:00.213669          HostDnsMonitor: old information
00:00:00.213670            no server entries
00:00:00.213670            no domain set
00:00:00.213670            no search string entries
00:00:00.213671          HostDnsMonitor: new information
00:00:00.213671            server 1: 8.8.8.8
00:00:00.213672            server 2: 8.8.4.4
00:00:00.213672            no domain set
00:00:00.213673            no search string entries
00:00:00.327013          VD: VDInit finished with VINF_SUCCESS
00:00:00.332091          Loading settings file "C:\Users\Alumno\VirtualBox VMs\windows server 2019\windows server 2019.vbox" with version "1.15-windows"
00:00:00.336628          Loading settings file "C:\Users\Alumno\VirtualBox VMs\ubuntu server\ubuntu server.vbox" with version "1.16-windows"
00:00:00.341098          Loading settings file "C:\Users\Alumno\VirtualBox VMs\ubuntu cliente\ubuntu cliente.vbox" with version "1.16-windows"
00:00:00.345761          Loading settings file "C:\Users\Alumno\VirtualBox VMs\windows10\windows10.vbox" with version "1.15-windows"
00:00:00.351448          Loading settings file "C:\Users\Alumno\VirtualBox VMs\windows server 2019 clonar\windows server 2019 clonar.vbox" with version "1.15-windows"
00:00:00.355986          Loading settings file "C:\Users\Alumno\VirtualBox VMs\windows 11\windows 11.vbox" with version "1.15-windows"
00:00:00.380420          OCI: Local config file 'C:\Users\Alumno\.VirtualBox\oci_config' does not exist
00:00:00.380485          OCI: Original config file 'C:\Users\Alumno\.oci\config' does not exist
00:00:00.380486          OCI: Reading profiles finished with status ERROR_SUCCESS
00:00:00.380493          ExtPack: Created cloud provider 'OCI' (hrc=ERROR_SUCCESS)
00:00:00.380517          VirtualBox: object created
00:00:03.233313          Saving settings file "C:\Users\Alumno\.VirtualBox\VirtualBox.xml" with version "1.12-windows"
00:00:03.242275          Saving settings file "C:\Users\Alumno\.VirtualBox\VirtualBox.xml" with version "1.12-windows"
00:00:14.797976          netIfIsWireless: CreateFile on '\\.\{EFAA6208-5897-4A85-9FF7-8614538FB49B}' failed with rcWin=2 (0x2) - ignoring
00:00:14.815856          netIfIsWireless: CreateFile on '\\.\{EFAA6208-5897-4A85-9FF7-8614538FB49B}' failed with rcWin=2 (0x2) - ignoring
00:00:34.532986          Saving settings file "C:\Users\Alumno\VirtualBox VMs\windows 11\windows 11.vbox" with version "1.15-windows"
00:00:35.782834          Launched VM: 66379152 pid: 11880 (0x2e68) frontend: GUI/Qt name: windows 11
00:00:40.623229          Load [C:\Program Files\Oracle\VirtualBox\ExtensionPacks\Oracle_VM_VirtualBox_Extension_Pack\win.amd64\VBoxHostWebcam.DLL] vrc=VINF_SUCCESS
00:00:40.832675          ERROR [COM]: aRC=VBOX_E_IPRT_ERROR (0x80bb0005) aIID={85632c68-b5bb-4316-a900-5eb28d3413df} aComponent={SessionMachine} aText={Saved screenshot data is not available (VERR_NOT_SUPPORTED)}, preserve=false aResultDetail=-37
00:00:40.986877          netIfIsWireless: CreateFile on '\\.\{EFAA6208-5897-4A85-9FF7-8614538FB49B}' failed with rcWin=2 (0x2) - ignoring
00:16:16.892321          Saving settings file "C:\Users\Alumno\.VirtualBox\VirtualBox.xml" with version "1.12-windows"
00:16:16.895141          Saving settings file "C:\Users\Alumno\.VirtualBox\VirtualBox.xml" with version "1.12-windows"
00:16:16.896960          Saving settings file "C:\Users\Alumno\.VirtualBox\VirtualBox.xml" with version "1.12-windows"
00:27:08.385074          Saving settings file "C:\Users\Alumno\VirtualBox VMs\windows 11\windows 11.vbox" with version "1.15-windows"
00:27:15.304218 main     VirtualBox: object deletion starts
00:27:15.304855 main     ERROR [COM]: aRC=VBOX_E_OBJECT_IN_USE (0x80bb000c) aIID={ad47ad09-787b-44ab-b343-a082a3f2dfb1} aComponent={MediumWrap} aText={Medium 'C:\Users\Alumno\VirtualBox VMs\windows server 2019\windows server 2019.vdi' cannot be closed because it is still attached to 1 virtual machines}, preserve=false aResultDetail=0
00:27:15.305142 main     ERROR [COM]: aRC=VBOX_E_OBJECT_IN_USE (0x80bb000c) aIID={ad47ad09-787b-44ab-b343-a082a3f2dfb1} aComponent={MediumWrap} aText={Medium 'C:\Users\Alumno\VirtualBox VMs\ubuntu server\ubuntu server.vdi' cannot be closed because it is still attached to 1 virtual machines}, preserve=false aResultDetail=0
00:27:15.305336 main     ERROR [COM]: aRC=VBOX_E_OBJECT_IN_USE (0x80bb000c) aIID={ad47ad09-787b-44ab-b343-a082a3f2dfb1} aComponent={MediumWrap} aText={Medium 'C:\Users\Alumno\VirtualBox VMs\ubuntu cliente\ubuntu cliente.vdi' cannot be closed because it is still attached to 1 virtual machines}, preserve=false aResultDetail=0
00:27:15.305496 main     ERROR [COM]: aRC=VBOX_E_OBJECT_IN_USE (0x80bb000c) aIID={ad47ad09-787b-44ab-b343-a082a3f2dfb1} aComponent={MediumWrap} aText={Medium 'C:\Users\Alumno\VirtualBox VMs\windows10\windows10.vdi' cannot be closed because it is still attached to 1 virtual machines}, preserve=false aResultDetail=0
00:27:15.305650 main     ERROR [COM]: aRC=VBOX_E_OBJECT_IN_USE (0x80bb000c) aIID={ad47ad09-787b-44ab-b343-a082a3f2dfb1} aComponent={MediumWrap} aText={Medium 'C:\Users\Alumno\VirtualBox VMs\windows server 2019 clonar\windows server 2019 clonar.vdi' cannot be closed because it is still attached to 1 virtual machines}, preserve=false aResultDetail=0
00:27:15.305815 main     ERROR [COM]: aRC=VBOX_E_OBJECT_IN_USE (0x80bb000c) aIID={ad47ad09-787b-44ab-b343-a082a3f2dfb1} aComponent={MediumWrap} aText={Medium 'C:\Users\Alumno\VirtualBox VMs\windows 11\windows 11.vdi' cannot be closed because it is still attached to 1 virtual machines}, preserve=false aResultDetail=0
00:27:15.306390 main     HostDnsMonitor: shutting down ...
00:27:15.306473 main     HostDnsMonitor: shut down
00:27:15.308494 Watcher  ERROR [COM]: aRC=E_ACCESSDENIED (0x80070005) aIID={d0a0163f-e254-4e5b-a1f2-011cf991c38d} aComponent={VirtualBoxWrap} aText={The object is not ready}, preserve=false aResultDetail=0
00:27:15.308679 main     VirtualBox: object deleted
